<?xml version="1.0" encoding="UTF-8"?>
<!-- Generated by org.testng.reporters.JUnitReportReporter -->
<testsuite hostname="yeshs-Mac-mini.local" failures="0" tests="7" name="applaudpagetesting.Applaud" time="258.813" errors="0" timestamp="2024-07-11T16:27:52 IST" skipped="3">
  <testcase classname="applaudpagetesting.Applaud" name="seeReceivedApplauds" time="27.992"/>
  <system-out/>
  <testcase classname="applaudpagetesting.Applaud" name="sendApplaud" time="45.862">
    <skipped/>
  </testcase> <!-- sendApplaud -->
  <system-out/>
  <testcase classname="applaudpagetesting.Applaud" name="useMonthFilter" time="44.638"/>
  <system-out/>
  <testcase classname="applaudpagetesting.Applaud" name="sendApplaud" time="56.870">
    <skipped/>
  </testcase> <!-- sendApplaud -->
  <system-out/>
  <testcase classname="applaudpagetesting.Applaud" name="seeSentApplauds" time="21.845"/>
  <system-out/>
  <testcase classname="applaudpagetesting.Applaud" name="useMonthFilter" time="34.963">
    <skipped/>
  </testcase> <!-- useMonthFilter -->
  <system-out/>
  <testcase classname="applaudpagetesting.Applaud" name="sendApplaud" time="26.643"/>
  <system-out/>
</testsuite> <!-- applaudpagetesting.Applaud -->
