<?xml version="1.0" encoding="UTF-8"?>
<!-- Generated by org.testng.reporters.JUnitReportReporter -->
<testsuite hostname="yeshs-Mac-mini.local" failures="0" tests="1" name="settingpagetesting.Settingpage" time="165.627" errors="0" timestamp="2024-06-07T10:39:03 IST" skipped="0">
  <testcase classname="settingpagetesting.Settingpage" name="userCreatedAndDeletedSuccessfully" time="165.627"/>
  <system-out/>
</testsuite> <!-- settingpagetesting.Settingpage -->
