<?xml version="1.0" encoding="UTF-8"?>
<!-- Generated by org.testng.reporters.JUnitReportReporter -->
<testsuite hostname="yeshs-Mac-mini.lan" failures="0" tests="7" name="loginpagetesting.Testingofloginpage" time="59.376" errors="0" timestamp="2024-07-09T17:15:58 IST" skipped="0">
  <testcase classname="loginpagetesting.Testingofloginpage" name="emptypasswordfield" time="6.503"/>
  <system-out/>
  <testcase classname="loginpagetesting.Testingofloginpage" name="userlogout" time="24.061"/>
  <system-out/>
  <testcase classname="loginpagetesting.Testingofloginpage" name="invalidcredentials2" time="7.946"/>
  <system-out/>
  <testcase classname="loginpagetesting.Testingofloginpage" name="passwordresetlink" time="7.995"/>
  <system-out/>
  <testcase classname="loginpagetesting.Testingofloginpage" name="invalidcredentials1" time="5.138"/>
  <system-out/>
  <testcase classname="loginpagetesting.Testingofloginpage" name="emptyusernamefield" time="3.896"/>
  <system-out/>
  <testcase classname="loginpagetesting.Testingofloginpage" name="validcredendetials" time="3.837"/>
  <system-out/>
</testsuite> <!-- loginpagetesting.Testingofloginpage -->
