<?xml version="1.0" encoding="UTF-8"?>
<!-- Generated by org.testng.reporters.JUnitReportReporter -->
<testsuite hostname="yeshs-Mac-mini.local" failures="0" tests="2" name="followupspagetesting.Followuppage" time="47.730" errors="0" timestamp="2024-07-04T16:02:49 IST" skipped="0">
  <testcase classname="followupspagetesting.Followuppage" name="meetingWithoutSpecifyDateAndTime" time="21.241"/>
  <system-out/>
  <testcase classname="followupspagetesting.Followuppage" name="followuppage" time="26.489"/>
  <system-out/>
</testsuite> <!-- followupspagetesting.Followuppage -->
