<?xml version="1.0" encoding="UTF-8"?>
<!-- Generated by org.testng.reporters.JUnitReportReporter -->
<testsuite hostname="yeshs-Mac-mini.lan" failures="0" tests="1" name="followupspagetesting.Followup1on1" time="51.047" errors="0" timestamp="2024-06-27T16:54:02 IST" skipped="0">
  <testcase classname="followupspagetesting.Followup1on1" name="userCanDelete1on1Meeting" time="51.047"/>
  <system-out/>
</testsuite> <!-- followupspagetesting.Followup1on1 -->
