<?xml version="1.0" encoding="UTF-8"?>
<!-- Generated by org.testng.reporters.JUnitReportReporter -->
<testsuite hostname="DESKTOP-QU91SGO" failures="0" tests="4" name="loginpagetesting.Negativetestingofloginpage" time="61.999" errors="0" timestamp="2024-04-25T15:29:52 IST" skipped="0">
  <testcase classname="loginpagetesting.Negativetestingofloginpage" name="emptyusernamefield" time="10.952"/>
  <system-out/>
  <testcase classname="loginpagetesting.Negativetestingofloginpage" name="invalidcredentials1" time="16.852"/>
  <system-out/>
  <testcase classname="loginpagetesting.Negativetestingofloginpage" name="invalidcredentials2" time="16.921"/>
  <system-out/>
  <testcase classname="loginpagetesting.Negativetestingofloginpage" name="emptypasswordfield" time="17.274"/>
  <system-out/>
</testsuite> <!-- loginpagetesting.Negativetestingofloginpage -->
