<?xml version="1.0" encoding="UTF-8"?>
<!-- Generated by org.testng.reporters.JUnitReportReporter -->
<testsuite hostname="yeshs-Mac-mini.local" failures="0" tests="9" name="feedbackspagetesting.TestingOfFeedbackPage" time="468.126" errors="0" timestamp="2024-07-06T10:45:52 IST" skipped="1">
  <testcase classname="feedbackspagetesting.TestingOfFeedbackPage" name="userCanAskForFeedbackFromSpecificTeamMember" time="62.319"/>
  <system-out/>
  <testcase classname="feedbackspagetesting.TestingOfFeedbackPage" name="userCanShortAndFilterFeedbackByPending" time="50.904"/>
  <system-out/>
  <testcase classname="feedbackspagetesting.TestingOfFeedbackPage" name="usersCanSeeAllTheFeedbackTheyHaveReceived" time="41.902"/>
  <system-out/>
  <testcase classname="feedbackspagetesting.TestingOfFeedbackPage" name="templateCreation" time="33.262">
    <skipped/>
  </testcase> <!-- templateCreation -->
  <system-out/>
  <testcase classname="feedbackspagetesting.TestingOfFeedbackPage" name="userCanMaKEUseOfPreMadeFeedbackTemplate" time="64.656"/>
  <system-out/>
  <testcase classname="feedbackspagetesting.TestingOfFeedbackPage" name="userCanAskForFeedbackByExternalLink" time="38.430"/>
  <system-out/>
  <testcase classname="feedbackspagetesting.TestingOfFeedbackPage" name="userCanAskForFeedbackFromWholeTeam" time="64.508"/>
  <system-out/>
  <testcase classname="feedbackspagetesting.TestingOfFeedbackPage" name="templateCreation" time="64.603"/>
  <system-out/>
  <testcase classname="feedbackspagetesting.TestingOfFeedbackPage" name="userCanShortAndFilterFeedbackByAnswered" time="47.542"/>
  <system-out/>
</testsuite> <!-- feedbackspagetesting.TestingOfFeedbackPage -->
