<?xml version="1.0" encoding="UTF-8"?>
<!-- Generated by org.testng.reporters.JUnitReportReporter -->
<testsuite hostname="yeshs-Mac-mini.local" failures="0" tests="5" name="applaudpagetesting.Applaud" time="155.832" errors="0" timestamp="2024-07-05T14:58:02 IST" skipped="1">
  <testcase classname="applaudpagetesting.Applaud" name="useMonthFilter" time="26.271"/>
  <system-out/>
  <testcase classname="applaudpagetesting.Applaud" name="sendApplaud" time="26.997">
    <skipped/>
  </testcase> <!-- sendApplaud -->
  <system-out/>
  <testcase classname="applaudpagetesting.Applaud" name="seeSentApplauds" time="33.855"/>
  <system-out/>
  <testcase classname="applaudpagetesting.Applaud" name="sendApplaud" time="26.024"/>
  <system-out/>
  <testcase classname="applaudpagetesting.Applaud" name="seeReceivedApplauds" time="42.685"/>
  <system-out/>
</testsuite> <!-- applaudpagetesting.Applaud -->
