<?xml version="1.0" encoding="UTF-8"?>
<!-- Generated by org.testng.reporters.JUnitReportReporter -->
<testsuite hostname="DESKTOP-QU91SGO" failures="0" tests="2" name="followupspagetesting.Followuppage" time="96.753" errors="0" timestamp="2024-06-03T15:25:42 IST" skipped="0">
  <testcase classname="followupspagetesting.Followuppage" name="followuppage" time="59.664"/>
  <system-out/>
  <testcase classname="followupspagetesting.Followuppage" name="meetingWithoutSpecifyDateAndTime" time="37.089"/>
  <system-out/>
</testsuite> <!-- followupspagetesting.Followuppage -->
