<?xml version="1.0" encoding="UTF-8"?>
<!-- Generated by org.testng.reporters.JUnitReportReporter -->
<testsuite hostname="yeshs-Mac-mini.local" failures="0" tests="1" name="followupspagetesting.Followuppage" time="25.603" errors="0" timestamp="2024-10-19T10:40:54 IST" skipped="0">
  <testcase classname="followupspagetesting.Followuppage" name="followupCreatedAndDeleted1" time="25.603"/>
  <system-out/>
</testsuite> <!-- followupspagetesting.Followuppage -->
