<?xml version="1.0" encoding="UTF-8"?>
<!-- Generated by org.testng.reporters.JUnitReportReporter -->
<testsuite hostname="DESKTOP-QU91SGO" failures="0" tests="2" name="goalpagetesting.TestingOfGoalpage" time="97.694" errors="0" timestamp="2024-05-14T16:34:49 IST" skipped="0">
  <testcase classname="goalpagetesting.TestingOfGoalpage" name="usersCanMarkAGoalAsCompleted" time="46.347"/>
  <system-out/>
  <testcase classname="goalpagetesting.TestingOfGoalpage" name="goalpage" time="51.347"/>
  <system-out/>
</testsuite> <!-- goalpagetesting.TestingOfGoalpage -->
