<?xml version="1.0" encoding="UTF-8"?>
<!-- Generated by org.testng.reporters.JUnitReportReporter -->
<testsuite hostname="DESKTOP-QU91SGO" failures="0" tests="1" name="applaudpagetesting.Applaud" time="59.303" errors="0" timestamp="2024-05-30T12:23:22 IST" skipped="0">
  <testcase classname="applaudpagetesting.Applaud" name="seeReceivedApplauds" time="59.303"/>
  <system-out/>
</testsuite> <!-- applaudpagetesting.Applaud -->
