<?xml version="1.0" encoding="UTF-8"?>
<!-- Generated by org.testng.reporters.JUnitReportReporter -->
<testsuite hostname="yeshs-Mac-mini.local" failures="0" tests="6" name="followupspagetesting.Followuppage" time="1372.575" errors="2" timestamp="2024-07-11T16:27:52 IST" skipped="3">
  <testcase classname="followupspagetesting.Followuppage" name="followupCreatedAndDeleted" time="90.681">
    <skipped/>
  </testcase> <!-- followupCreatedAndDeleted -->
  <system-out/>
  <testcase classname="followupspagetesting.Followuppage" name="followupCreatedAndDeleted" time="56.441">
    <skipped/>
  </testcase> <!-- followupCreatedAndDeleted -->
  <system-out/>
  <testcase classname="followupspagetesting.Followuppage" name="followupCreatedAndDeleted" time="99.780">
    <error message="disconnected: unable to send message to renderer
  (failed to check if window was closed: disconnected: not connected to DevTools)
  (Session info: chrome=126.0.6478.127)
Build info: version: &#039;4.22.0&#039;, revision: &#039;c5f3146703*&#039;
System info: os.name: &#039;Mac OS X&#039;, os.arch: &#039;aarch64&#039;, os.version: &#039;14.5&#039;, java.version: &#039;17.0.11&#039;
Driver info: org.openqa.selenium.remote.RemoteWebDriver
Command: [35130b4638908c1f7500891d8c369aaa, findElement {value=div[data-testid=&#039;memberList-0&#039;], using=css selector}]
Capabilities {acceptInsecureCerts: false, browserName: chrome, browserVersion: 126.0.6478.127, chrome: {chromedriverVersion: 126.0.6478.126 (d36ace6122e..., userDataDir: /var/folders/x9/xxt7kvhx1v7...}, fedcm:accounts: true, goog:chromeOptions: {debuggerAddress: localhost:59953}, networkConnectionEnabled: false, pageLoadStrategy: normal, platformName: mac, proxy: Proxy(), se:bidiEnabled: false, se:cdp: ws://192.168.29.48:4444/ses..., se:cdpVersion: 126.0.6478.127, setWindowRect: true, strictFileInteractability: false, timeouts: {implicit: 0, pageLoad: 300000, script: 30000}, unhandledPromptBehavior: dismiss and notify, webauthn:extension:credBlob: true, webauthn:extension:largeBlob: true, webauthn:extension:minPinLength: true, webauthn:extension:prf: true, webauthn:virtualAuthenticators: true}
Session ID: 35130b4638908c1f7500891d8c369aaa" type="org.openqa.selenium.WebDriverException">
      <![CDATA[org.openqa.selenium.WebDriverException: disconnected: unable to send message to renderer
  (failed to check if window was closed: disconnected: not connected to DevTools)
  (Session info: chrome=126.0.6478.127)
Build info: version: '4.22.0', revision: 'c5f3146703*'
System info: os.name: 'Mac OS X', os.arch: 'aarch64', os.version: '14.5', java.version: '17.0.11'
Driver info: org.openqa.selenium.remote.RemoteWebDriver
Command: [35130b4638908c1f7500891d8c369aaa, findElement {value=div[data-testid='memberList-0'], using=css selector}]
Capabilities {acceptInsecureCerts: false, browserName: chrome, browserVersion: 126.0.6478.127, chrome: {chromedriverVersion: 126.0.6478.126 (d36ace6122e..., userDataDir: /var/folders/x9/xxt7kvhx1v7...}, fedcm:accounts: true, goog:chromeOptions: {debuggerAddress: localhost:59953}, networkConnectionEnabled: false, pageLoadStrategy: normal, platformName: mac, proxy: Proxy(), se:bidiEnabled: false, se:cdp: ws://192.168.29.48:4444/ses..., se:cdpVersion: 126.0.6478.127, setWindowRect: true, strictFileInteractability: false, timeouts: {implicit: 0, pageLoad: 300000, script: 30000}, unhandledPromptBehavior: dismiss and notify, webauthn:extension:credBlob: true, webauthn:extension:largeBlob: true, webauthn:extension:minPinLength: true, webauthn:extension:prf: true, webauthn:virtualAuthenticators: true}
Session ID: 35130b4638908c1f7500891d8c369aaa
at java.base/jdk.internal.reflect.NativeConstructorAccessorImpl.newInstance0(Native Method)
at java.base/jdk.internal.reflect.NativeConstructorAccessorImpl.newInstance(NativeConstructorAccessorImpl.java:77)
at java.base/jdk.internal.reflect.DelegatingConstructorAccessorImpl.newInstance(DelegatingConstructorAccessorImpl.java:45)
at java.base/java.lang.reflect.Constructor.newInstanceWithCaller(Constructor.java:499)
at java.base/java.lang.reflect.Constructor.newInstance(Constructor.java:480)
at org.openqa.selenium.remote.ErrorCodec.decode(ErrorCodec.java:167)
at org.openqa.selenium.remote.codec.w3c.W3CHttpResponseCodec.decode(W3CHttpResponseCodec.java:138)
at org.openqa.selenium.remote.codec.w3c.W3CHttpResponseCodec.decode(W3CHttpResponseCodec.java:50)
at org.openqa.selenium.remote.HttpCommandExecutor.execute(HttpCommandExecutor.java:190)
at org.openqa.selenium.remote.TracedCommandExecutor.execute(TracedCommandExecutor.java:53)
at org.openqa.selenium.remote.RemoteWebDriver.execute(RemoteWebDriver.java:518)
at org.openqa.selenium.remote.ElementLocation$ElementFinder$2.findElement(ElementLocation.java:165)
at org.openqa.selenium.remote.ElementLocation.findElement(ElementLocation.java:59)
at org.openqa.selenium.remote.RemoteWebDriver.findElement(RemoteWebDriver.java:355)
at org.openqa.selenium.remote.RemoteWebDriver.findElement(RemoteWebDriver.java:349)
at org.openqa.selenium.support.ui.ExpectedConditions$7.apply(ExpectedConditions.java:194)
at org.openqa.selenium.support.ui.ExpectedConditions$7.apply(ExpectedConditions.java:190)
at org.openqa.selenium.support.ui.FluentWait.until(FluentWait.java:203)
at followupspagetesting.Followuppage.followupCreatedAndDeleted(Followuppage.java:173)
at java.base/jdk.internal.reflect.NativeMethodAccessorImpl.invoke0(Native Method)
at java.base/jdk.internal.reflect.NativeMethodAccessorImpl.invoke(NativeMethodAccessorImpl.java:77)
at java.base/jdk.internal.reflect.DelegatingMethodAccessorImpl.invoke(DelegatingMethodAccessorImpl.java:43)
at java.base/java.lang.reflect.Method.invoke(Method.java:568)
at org.testng.internal.MethodInvocationHelper.invokeMethod(MethodInvocationHelper.java:133)
at org.testng.internal.TestInvoker.invokeMethod(TestInvoker.java:598)
at org.testng.internal.TestInvoker.retryFailed(TestInvoker.java:213)
at org.testng.internal.MethodRunner.runInSequence(MethodRunner.java:58)
at org.testng.internal.TestInvoker$MethodInvocationAgent.invoke(TestInvoker.java:824)
at org.testng.internal.TestInvoker.invokeTestMethods(TestInvoker.java:146)
at org.testng.internal.TestMethodWorker.invokeTestMethods(TestMethodWorker.java:146)
at org.testng.internal.TestMethodWorker.run(TestMethodWorker.java:128)
at java.base/java.util.ArrayList.forEach(ArrayList.java:1511)
at org.testng.TestRunner.privateRun(TestRunner.java:794)
at org.testng.TestRunner.run(TestRunner.java:596)
at org.testng.SuiteRunner.runTest(SuiteRunner.java:377)
at org.testng.SuiteRunner.access$000(SuiteRunner.java:28)
at org.testng.SuiteRunner$SuiteWorker.run(SuiteRunner.java:418)
at org.testng.internal.thread.ThreadUtil.lambda$execute$0(ThreadUtil.java:64)
at java.base/java.util.concurrent.FutureTask.run(FutureTask.java:264)
at java.base/java.util.concurrent.ThreadPoolExecutor.runWorker(ThreadPoolExecutor.java:1136)
at java.base/java.util.concurrent.ThreadPoolExecutor$Worker.run(ThreadPoolExecutor.java:635)
at java.base/java.lang.Thread.run(Thread.java:840)
]]>
    </error>
  </testcase> <!-- followupCreatedAndDeleted -->
  <system-out/>
  <testcase classname="followupspagetesting.Followuppage" name="followupCreatedAndDeleted" time="69.860">
    <skipped/>
  </testcase> <!-- followupCreatedAndDeleted -->
  <system-out/>
  <testcase classname="followupspagetesting.Followuppage" name="meetingWithoutSpecifyDateAndTime" time="44.410"/>
  <system-out/>
  <testcase classname="followupspagetesting.Followuppage" name="followupCreatedAndDeleted1" time="1011.403">
    <error message="Expected condition failed: waiting for visibility of element located by By.xpath: //span[normalize-space()=&#039;Follow Ups&#039;] (tried for 25 second(s) with 500 milliseconds interval)
Build info: version: &#039;4.22.0&#039;, revision: &#039;c5f3146703*&#039;
System info: os.name: &#039;Mac OS X&#039;, os.arch: &#039;aarch64&#039;, os.version: &#039;14.5&#039;, java.version: &#039;17.0.11&#039;
Driver info: org.openqa.selenium.remote.RemoteWebDriver
Capabilities {acceptInsecureCerts: false, browserName: chrome, browserVersion: 126.0.6478.127, chrome: {chromedriverVersion: 126.0.6478.126 (d36ace6122e..., userDataDir: /var/folders/x9/xxt7kvhx1v7...}, fedcm:accounts: true, goog:chromeOptions: {debuggerAddress: localhost:60000}, networkConnectionEnabled: false, pageLoadStrategy: normal, platformName: mac, proxy: Proxy(), se:bidiEnabled: false, se:cdp: ws://192.168.29.48:4444/ses..., se:cdpVersion: 126.0.6478.127, setWindowRect: true, strictFileInteractability: false, timeouts: {implicit: 0, pageLoad: 300000, script: 30000}, unhandledPromptBehavior: dismiss and notify, webauthn:extension:credBlob: true, webauthn:extension:largeBlob: true, webauthn:extension:minPinLength: true, webauthn:extension:prf: true, webauthn:virtualAuthenticators: true}
Session ID: 74f2892078e0e653a3bb24ad0fa638f7" type="org.openqa.selenium.TimeoutException">
      <![CDATA[org.openqa.selenium.TimeoutException: Expected condition failed: waiting for visibility of element located by By.xpath: //span[normalize-space()='Follow Ups'] (tried for 25 second(s) with 500 milliseconds interval)
Build info: version: '4.22.0', revision: 'c5f3146703*'
System info: os.name: 'Mac OS X', os.arch: 'aarch64', os.version: '14.5', java.version: '17.0.11'
Driver info: org.openqa.selenium.remote.RemoteWebDriver
Capabilities {acceptInsecureCerts: false, browserName: chrome, browserVersion: 126.0.6478.127, chrome: {chromedriverVersion: 126.0.6478.126 (d36ace6122e..., userDataDir: /var/folders/x9/xxt7kvhx1v7...}, fedcm:accounts: true, goog:chromeOptions: {debuggerAddress: localhost:60000}, networkConnectionEnabled: false, pageLoadStrategy: normal, platformName: mac, proxy: Proxy(), se:bidiEnabled: false, se:cdp: ws://192.168.29.48:4444/ses..., se:cdpVersion: 126.0.6478.127, setWindowRect: true, strictFileInteractability: false, timeouts: {implicit: 0, pageLoad: 300000, script: 30000}, unhandledPromptBehavior: dismiss and notify, webauthn:extension:credBlob: true, webauthn:extension:largeBlob: true, webauthn:extension:minPinLength: true, webauthn:extension:prf: true, webauthn:virtualAuthenticators: true}
Session ID: 74f2892078e0e653a3bb24ad0fa638f7
at org.openqa.selenium.support.ui.WebDriverWait.timeoutException(WebDriverWait.java:84)
at org.openqa.selenium.support.ui.FluentWait.until(FluentWait.java:228)
at followupspagetesting.Followuppage.followupCreatedAndDeleted1(Followuppage.java:277)
at java.base/jdk.internal.reflect.NativeMethodAccessorImpl.invoke0(Native Method)
at java.base/jdk.internal.reflect.NativeMethodAccessorImpl.invoke(NativeMethodAccessorImpl.java:77)
at java.base/jdk.internal.reflect.DelegatingMethodAccessorImpl.invoke(DelegatingMethodAccessorImpl.java:43)
at java.base/java.lang.reflect.Method.invoke(Method.java:568)
at org.testng.internal.MethodInvocationHelper.invokeMethod(MethodInvocationHelper.java:133)
at org.testng.internal.TestInvoker.invokeMethod(TestInvoker.java:598)
at org.testng.internal.TestInvoker.invokeTestMethod(TestInvoker.java:173)
at org.testng.internal.MethodRunner.runInSequence(MethodRunner.java:46)
at org.testng.internal.TestInvoker$MethodInvocationAgent.invoke(TestInvoker.java:824)
at org.testng.internal.TestInvoker.invokeTestMethods(TestInvoker.java:146)
at org.testng.internal.TestMethodWorker.invokeTestMethods(TestMethodWorker.java:146)
at org.testng.internal.TestMethodWorker.run(TestMethodWorker.java:128)
at java.base/java.util.ArrayList.forEach(ArrayList.java:1511)
at org.testng.TestRunner.privateRun(TestRunner.java:794)
at org.testng.TestRunner.run(TestRunner.java:596)
at org.testng.SuiteRunner.runTest(SuiteRunner.java:377)
at org.testng.SuiteRunner.access$000(SuiteRunner.java:28)
at org.testng.SuiteRunner$SuiteWorker.run(SuiteRunner.java:418)
at org.testng.internal.thread.ThreadUtil.lambda$execute$0(ThreadUtil.java:64)
at java.base/java.util.concurrent.FutureTask.run(FutureTask.java:264)
at java.base/java.util.concurrent.ThreadPoolExecutor.runWorker(ThreadPoolExecutor.java:1136)
at java.base/java.util.concurrent.ThreadPoolExecutor$Worker.run(ThreadPoolExecutor.java:635)
at java.base/java.lang.Thread.run(Thread.java:840)
]]>
    </error>
  </testcase> <!-- followupCreatedAndDeleted1 -->
  <system-out/>
</testsuite> <!-- followupspagetesting.Followuppage -->
