<?xml version="1.0" encoding="UTF-8"?>
<!-- Generated by org.testng.reporters.JUnitReportReporter -->
<testsuite hostname="yeshs-Mac-mini.local" failures="0" tests="1" name="followupspagetesting.Followuppage" time="25.211" errors="0" timestamp="2024-06-26T12:03:36 IST" skipped="0">
  <testcase classname="followupspagetesting.Followuppage" name="followuppage" time="25.211"/>
  <system-out/>
</testsuite> <!-- followupspagetesting.Followuppage -->
