<?xml version="1.0" encoding="UTF-8"?>
<!-- Generated by org.testng.reporters.JUnitReportReporter -->
<testsuite hostname="yeshs-Mac-mini.local" failures="0" tests="6" name="signuppagetesting.Signuppagetesting" time="50.882" errors="0" timestamp="2024-06-24T10:10:35 IST" skipped="0">
  <testcase classname="signuppagetesting.Signuppagetesting" name="invalidemailformat" time="9.950"/>
  <system-out/>
  <testcase classname="signuppagetesting.Signuppagetesting" name="emptyfields" time="9.877"/>
  <system-out/>
  <testcase classname="signuppagetesting.Signuppagetesting" name="passwordstrength" time="8.161"/>
  <system-out/>
  <testcase classname="signuppagetesting.Signuppagetesting" name="existingemailaddress" time="8.653"/>
  <system-out/>
  <testcase classname="signuppagetesting.Signuppagetesting" name="passwordconfirmation" time="8.602"/>
  <system-out/>
  <testcase classname="signuppagetesting.Signuppagetesting" name="successfulregistration" time="5.639"/>
  <system-out/>
</testsuite> <!-- signuppagetesting.Signuppagetesting -->
