<?xml version="1.0" encoding="UTF-8"?>
<!-- Generated by org.testng.reporters.JUnitReportReporter -->
<testsuite hostname="yeshs-Mac-mini.local" failures="0" tests="7" name="loginpagetesting.Testingofloginpage" time="65.003" errors="0" timestamp="2024-06-24T10:10:34 IST" skipped="0">
  <testcase classname="loginpagetesting.Testingofloginpage" name="passwordresetlink" time="8.264"/>
  <system-out/>
  <testcase classname="loginpagetesting.Testingofloginpage" name="invalidcredentials2" time="5.127"/>
  <system-out/>
  <testcase classname="loginpagetesting.Testingofloginpage" name="validcredendetials" time="4.842"/>
  <system-out/>
  <testcase classname="loginpagetesting.Testingofloginpage" name="userlogout" time="24.701"/>
  <system-out/>
  <testcase classname="loginpagetesting.Testingofloginpage" name="emptyusernamefield" time="6.246"/>
  <system-out/>
  <testcase classname="loginpagetesting.Testingofloginpage" name="emptypasswordfield" time="6.271"/>
  <system-out/>
  <testcase classname="loginpagetesting.Testingofloginpage" name="invalidcredentials1" time="9.552"/>
  <system-out/>
</testsuite> <!-- loginpagetesting.Testingofloginpage -->
