<?xml version="1.0" encoding="UTF-8"?>
<!-- Generated by org.testng.reporters.JUnitReportReporter -->
<testsuite hostname="DESKTOP-QU91SGO" failures="0" tests="4" name="applaudpagetesting.Applaud" time="201.154" errors="0" timestamp="2024-06-03T15:32:32 IST" skipped="0">
  <testcase classname="applaudpagetesting.Applaud" name="seeSentApplauds" time="44.391"/>
  <system-out/>
  <testcase classname="applaudpagetesting.Applaud" name="useMonthFilter" time="53.927"/>
  <system-out/>
  <testcase classname="applaudpagetesting.Applaud" name="seeReceivedApplauds" time="61.042"/>
  <system-out/>
  <testcase classname="applaudpagetesting.Applaud" name="sendApplaud" time="41.794"/>
  <system-out/>
</testsuite> <!-- applaudpagetesting.Applaud -->
