<?xml version="1.0" encoding="UTF-8"?>
<!-- Generated by org.testng.reporters.JUnitReportReporter -->
<testsuite hostname="yeshs-Mac-mini.local" failures="0" tests="4" name="applaudpagetesting.Applaud" time="111.515" errors="0" timestamp="2024-06-24T10:10:34 IST" skipped="0">
  <testcase classname="applaudpagetesting.Applaud" name="seeReceivedApplauds" time="26.173"/>
  <system-out/>
  <testcase classname="applaudpagetesting.Applaud" name="seeSentApplauds" time="25.223"/>
  <system-out/>
  <testcase classname="applaudpagetesting.Applaud" name="useMonthFilter" time="31.747"/>
  <system-out/>
  <testcase classname="applaudpagetesting.Applaud" name="sendApplaud" time="28.372"/>
  <system-out/>
</testsuite> <!-- applaudpagetesting.Applaud -->
