<?xml version="1.0" encoding="UTF-8"?>
<!-- Generated by org.testng.reporters.JUnitReportReporter -->
<testsuite hostname="DESKTOP-QU91SGO" failures="0" tests="1" name="signuppagetesting.Signup" time="12.081" errors="0" timestamp="2024-04-08T22:37:21 GMT-07:00" skipped="0">
  <testcase classname="signuppagetesting.Signup" name="sigupwithcorrectcreds" time="12.081"/>
  <system-out/>
</testsuite> <!-- signuppagetesting.Signup -->
