<?xml version="1.0" encoding="UTF-8"?>
<!-- Generated by org.testng.reporters.JUnitReportReporter -->
<testsuite hostname="yeshs-Mac-mini.lan" failures="0" tests="6" name="signuppagetesting.Signuppagetesting" time="50.225" errors="0" timestamp="2024-07-09T17:15:58 IST" skipped="0">
  <testcase classname="signuppagetesting.Signuppagetesting" name="successfulregistration" time="6.073"/>
  <system-out/>
  <testcase classname="signuppagetesting.Signuppagetesting" name="passwordconfirmation" time="8.375"/>
  <system-out/>
  <testcase classname="signuppagetesting.Signuppagetesting" name="emptyfields" time="8.951"/>
  <system-out/>
  <testcase classname="signuppagetesting.Signuppagetesting" name="passwordstrength" time="9.028"/>
  <system-out/>
  <testcase classname="signuppagetesting.Signuppagetesting" name="invalidemailformat" time="9.719"/>
  <system-out/>
  <testcase classname="signuppagetesting.Signuppagetesting" name="existingemailaddress" time="8.079"/>
  <system-out/>
</testsuite> <!-- signuppagetesting.Signuppagetesting -->
