<?xml version="1.0" encoding="UTF-8"?>
<!-- Generated by org.testng.reporters.JUnitReportReporter -->
<testsuite hostname="yeshs-Mac-mini.local" failures="0" tests="6" name="signuppagetesting.Signuppagetesting" time="45.734" errors="0" timestamp="2024-06-26T11:30:59 IST" skipped="0">
  <testcase classname="signuppagetesting.Signuppagetesting" name="emptyfields" time="8.339"/>
  <system-out/>
  <testcase classname="signuppagetesting.Signuppagetesting" name="successfulregistration" time="5.521"/>
  <system-out/>
  <testcase classname="signuppagetesting.Signuppagetesting" name="existingemailaddress" time="7.955"/>
  <system-out/>
  <testcase classname="signuppagetesting.Signuppagetesting" name="passwordconfirmation" time="8.009"/>
  <system-out/>
  <testcase classname="signuppagetesting.Signuppagetesting" name="invalidemailformat" time="7.961"/>
  <system-out/>
  <testcase classname="signuppagetesting.Signuppagetesting" name="passwordstrength" time="7.949"/>
  <system-out/>
</testsuite> <!-- signuppagetesting.Signuppagetesting -->
