<?xml version="1.0" encoding="UTF-8"?>
<!-- Generated by org.testng.reporters.JUnitReportReporter -->
<testsuite hostname="yeshs-Mac-mini.local" failures="0" tests="1" name="goalpagetesting.TestingOfGoalpage" time="40.061" errors="0" timestamp="2024-06-25T18:05:00 IST" skipped="0">
  <testcase classname="goalpagetesting.TestingOfGoalpage" name="userCanSetUpFollowupForGoal" time="40.061"/>
  <system-out/>
</testsuite> <!-- goalpagetesting.TestingOfGoalpage -->
