<?xml version="1.0" encoding="UTF-8"?>
<!-- Generated by org.testng.reporters.JUnitReportReporter -->
<testsuite hostname="yeshs-Mac-mini.lan" failures="0" tests="7" name="loginpagetesting.Testingofloginpage" time="74.191" errors="0" timestamp="2024-06-27T16:24:45 IST" skipped="0">
  <testcase classname="loginpagetesting.Testingofloginpage" name="invalidcredentials1" time="5.401"/>
  <system-out/>
  <testcase classname="loginpagetesting.Testingofloginpage" name="invalidcredentials2" time="9.066"/>
  <system-out/>
  <testcase classname="loginpagetesting.Testingofloginpage" name="emptyusernamefield" time="5.755"/>
  <system-out/>
  <testcase classname="loginpagetesting.Testingofloginpage" name="userlogout" time="26.829"/>
  <system-out/>
  <testcase classname="loginpagetesting.Testingofloginpage" name="validcredendetials" time="5.159"/>
  <system-out/>
  <testcase classname="loginpagetesting.Testingofloginpage" name="passwordresetlink" time="14.303"/>
  <system-out/>
  <testcase classname="loginpagetesting.Testingofloginpage" name="emptypasswordfield" time="7.678"/>
  <system-out/>
</testsuite> <!-- loginpagetesting.Testingofloginpage -->
