<?xml version="1.0" encoding="UTF-8"?>
<!-- Generated by org.testng.reporters.JUnitReportReporter -->
<testsuite hostname="DESKTOP-QU91SGO" failures="0" tests="1" name="loginpagetesting.Login" time="28.450" errors="0" timestamp="2024-04-10T12:40:26 GMT-07:00" skipped="0">
  <testcase classname="loginpagetesting.Login" name="login" time="28.450"/>
  <system-out/>
</testsuite> <!-- loginpagetesting.Login -->
