<?xml version="1.0" encoding="UTF-8"?>
<!-- Generated by org.testng.reporters.JUnitReportReporter -->
<testsuite hostname="DESKTOP-QU91SGO" failures="0" tests="1" name="feedbackspagetesting.TestingOfFeedbackPage" time="35.009" errors="0" timestamp="2024-05-08T12:12:26 IST" skipped="0">
  <testcase classname="feedbackspagetesting.TestingOfFeedbackPage" name="templateCreation" time="35.009"/>
  <system-out/>
</testsuite> <!-- feedbackspagetesting.TestingOfFeedbackPage -->
