<?xml version="1.0" encoding="UTF-8"?>
<!-- Generated by org.testng.reporters.JUnitReportReporter -->
<testsuite hostname="yeshs-Mac-mini.local" failures="0" tests="4" name="followupspagetesting.Followup1on1" time="264.501" errors="0" timestamp="2024-07-05T18:28:51 IST" skipped="1">
  <testcase classname="followupspagetesting.Followup1on1" name="userCanDelete1on1Meeting" time="66.011"/>
  <system-out/>
  <testcase classname="followupspagetesting.Followup1on1" name="create1on1WithoutSpecifyDateandtime" time="71.809"/>
  <system-out/>
  <testcase classname="followupspagetesting.Followup1on1" name="create1on1" time="39.738"/>
  <system-out/>
  <testcase classname="followupspagetesting.Followup1on1" name="create1on1WithoutSpecifyDateandtime" time="86.943">
    <skipped/>
  </testcase> <!-- create1on1WithoutSpecifyDateandtime -->
  <system-out/>
</testsuite> <!-- followupspagetesting.Followup1on1 -->
