<?xml version="1.0" encoding="UTF-8"?>
<!-- Generated by org.testng.reporters.JUnitReportReporter -->
<<<<<<< HEAD
<testsuite hostname="DESKTOP-QU91SGO" failures="0" tests="6" name="signuppagetesting.Signuppagetesting" time="161.302" errors="0" timestamp="2024-05-28T14:26:31 IST" skipped="0">
  <testcase classname="signuppagetesting.Signuppagetesting" name="existingemailaddress" time="13.901"/>
  <system-out/>
  <testcase classname="signuppagetesting.Signuppagetesting" name="emptyfields" time="34.287"/>
  <system-out/>
  <testcase classname="signuppagetesting.Signuppagetesting" name="passwordconfirmation" time="33.564"/>
  <system-out/>
  <testcase classname="signuppagetesting.Signuppagetesting" name="successfulregistration" time="31.495"/>
  <system-out/>
  <testcase classname="signuppagetesting.Signuppagetesting" name="invalidemailformat" time="33.055"/>
  <system-out/>
  <testcase classname="signuppagetesting.Signuppagetesting" name="passwordstrength" time="15.000"/>
=======
<testsuite hostname="DESKTOP-QU91SGO" failures="0" tests="6" name="signuppagetesting.Signuppagetesting" time="129.289" errors="0" timestamp="2024-05-14T16:34:48 IST" skipped="0">
  <testcase classname="signuppagetesting.Signuppagetesting" name="passwordconfirmation" time="25.528"/>
  <system-out/>
  <testcase classname="signuppagetesting.Signuppagetesting" name="passwordstrength" time="13.209"/>
  <system-out/>
  <testcase classname="signuppagetesting.Signuppagetesting" name="invalidemailformat" time="24.613"/>
  <system-out/>
  <testcase classname="signuppagetesting.Signuppagetesting" name="existingemailaddress" time="25.971"/>
  <system-out/>
  <testcase classname="signuppagetesting.Signuppagetesting" name="emptyfields" time="29.135"/>
  <system-out/>
  <testcase classname="signuppagetesting.Signuppagetesting" name="successfulregistration" time="10.833"/>
>>>>>>> e5d21e30503e221b73adac729abd347fd9d185f5
  <system-out/>
</testsuite> <!-- signuppagetesting.Signuppagetesting -->
