<?xml version="1.0" encoding="UTF-8"?>
<!-- Generated by org.testng.reporters.JUnitReportReporter -->
<testsuite hostname="yeshs-Mac-mini.local" failures="0" tests="1" name="goalpagetesting.TestingOfGoalpage" time="39.352" errors="0" timestamp="2024-06-26T11:54:06 IST" skipped="0">
  <testcase classname="goalpagetesting.TestingOfGoalpage" name="userCanSetUpFollowupForGoal" time="39.352"/>
  <system-out/>
</testsuite> <!-- goalpagetesting.TestingOfGoalpage -->
