<?xml version="1.0" encoding="UTF-8"?>
<!-- Generated by org.testng.reporters.JUnitReportReporter -->
<testsuite hostname="yeshs-Mac-mini.lan" failures="0" tests="6" name="signuppagetesting.Signuppagetesting" time="59.621" errors="0" timestamp="2024-06-27T16:24:45 IST" skipped="0">
  <testcase classname="signuppagetesting.Signuppagetesting" name="existingemailaddress" time="11.595"/>
  <system-out/>
  <testcase classname="signuppagetesting.Signuppagetesting" name="passwordstrength" time="9.009"/>
  <system-out/>
  <testcase classname="signuppagetesting.Signuppagetesting" name="passwordconfirmation" time="13.244"/>
  <system-out/>
  <testcase classname="signuppagetesting.Signuppagetesting" name="emptyfields" time="9.760"/>
  <system-out/>
  <testcase classname="signuppagetesting.Signuppagetesting" name="successfulregistration" time="5.875"/>
  <system-out/>
  <testcase classname="signuppagetesting.Signuppagetesting" name="invalidemailformat" time="10.138"/>
  <system-out/>
</testsuite> <!-- signuppagetesting.Signuppagetesting -->
