<?xml version="1.0" encoding="UTF-8"?>
<!-- Generated by org.testng.reporters.JUnitReportReporter -->
<testsuite hostname="yeshs-Mac-mini.local" failures="0" tests="2" name="settingpagetesting.Settingpage" time="242.161" errors="0" timestamp="2024-07-11T16:27:52 IST" skipped="0">
  <testcase classname="settingpagetesting.Settingpage" name="userCreatedAndDeletedSuccessfully" time="200.693"/>
  <system-out/>
  <testcase classname="settingpagetesting.Settingpage" name="testingOfSettingPage" time="41.468"/>
  <system-out/>
</testsuite> <!-- settingpagetesting.Settingpage -->
