<?xml version="1.0" encoding="UTF-8"?>
<!-- Generated by org.testng.reporters.JUnitReportReporter -->
<testsuite hostname="DESKTOP-QU91SGO" failures="0" tests="1" name="feedbackspagetesting.Feedbackpage" time="41.141" errors="0" timestamp="2024-05-02T12:49:44 IST" skipped="0">
  <testcase classname="feedbackspagetesting.Feedbackpage" name="saveandEdittemplate" time="41.141"/>
  <system-out/>
</testsuite> <!-- feedbackspagetesting.Feedbackpage -->
