<?xml version="1.0" encoding="UTF-8"?>
<!-- Generated by org.testng.reporters.JUnitReportReporter -->
<testsuite hostname="yeshs-Mac-mini.local" failures="0" tests="4" name="applaudpagetesting.Applaud" time="96.854" errors="0" timestamp="2024-06-26T16:38:03 IST" skipped="0">
  <testcase classname="applaudpagetesting.Applaud" name="seeReceivedApplauds" time="25.597"/>
  <system-out/>
  <testcase classname="applaudpagetesting.Applaud" name="seeSentApplauds" time="23.199"/>
  <system-out/>
  <testcase classname="applaudpagetesting.Applaud" name="sendApplaud" time="24.193"/>
  <system-out/>
  <testcase classname="applaudpagetesting.Applaud" name="useMonthFilter" time="23.865"/>
  <system-out/>
</testsuite> <!-- applaudpagetesting.Applaud -->
