<?xml version="1.0" encoding="UTF-8"?>
<!-- Generated by org.testng.reporters.JUnitReportReporter -->
<testsuite hostname="DESKTOP-QU91SGO" failures="0" tests="1" name="goalpagetesting.TestingOfGoalpage" time="63.203" errors="0" timestamp="2024-05-31T12:44:49 IST" skipped="0">
  <testcase classname="goalpagetesting.TestingOfGoalpage" name="usersCanUpdateStatus" time="63.203"/>
  <system-out/>
</testsuite> <!-- goalpagetesting.TestingOfGoalpage -->
