<?xml version="1.0" encoding="UTF-8"?>
<!-- Generated by org.testng.reporters.JUnitReportReporter -->
<testsuite hostname="yeshs-Mac-mini.local" failures="0" tests="1" name="goalpagetesting.testingGoalPageFollowup" time="35.950" errors="0" timestamp="2024-06-25T17:54:18 IST" skipped="0">
  <testcase classname="goalpagetesting.testingGoalPageFollowup" name="userCanSetUpFollowupForGoal" time="35.950"/>
  <system-out/>
</testsuite> <!-- goalpagetesting.testingGoalPageFollowup -->
