<?xml version="1.0" encoding="UTF-8"?>
<!-- Generated by org.testng.reporters.JUnitReportReporter -->
<testsuite hostname="yeshs-Mac-mini.local" failures="0" tests="9" name="followupspagetesting.Followup1on1" time="459.584" errors="3" timestamp="2024-07-04T16:02:49 IST" skipped="6">
  <testcase classname="followupspagetesting.Followup1on1" name="create1on1" time="49.130">
    <error message="Expected condition failed: waiting for visibility of element located by By.xpath: //div[contains(text(),&#039;yash&#039;)] (tried for 25 second(s) with 500 milliseconds interval)
Build info: version: &#039;4.22.0&#039;, revision: &#039;c5f3146703*&#039;
System info: os.name: &#039;Mac OS X&#039;, os.arch: &#039;aarch64&#039;, os.version: &#039;14.5&#039;, java.version: &#039;17.0.11&#039;
Driver info: org.openqa.selenium.chrome.ChromeDriver
Capabilities {acceptInsecureCerts: false, browserName: chrome-headless-shell, browserVersion: 126.0.6478.127, chrome: {chromedriverVersion: 126.0.6478.126 (d36ace6122e..., userDataDir: /var/folders/x9/xxt7kvhx1v7...}, fedcm:accounts: true, goog:chromeOptions: {debuggerAddress: localhost:54245}, networkConnectionEnabled: false, pageLoadStrategy: normal, platformName: mac, proxy: Proxy(), se:cdp: ws://localhost:54245/devtoo..., se:cdpVersion: 126.0.6478.127, setWindowRect: true, strictFileInteractability: false, timeouts: {implicit: 0, pageLoad: 300000, script: 30000}, unhandledPromptBehavior: dismiss and notify, webauthn:extension:credBlob: true, webauthn:extension:largeBlob: true, webauthn:extension:minPinLength: true, webauthn:extension:prf: true, webauthn:virtualAuthenticators: true}
Session ID: a41adb4de9b4f29665f7dee003a6fbb6" type="org.openqa.selenium.TimeoutException">
      <![CDATA[org.openqa.selenium.TimeoutException: Expected condition failed: waiting for visibility of element located by By.xpath: //div[contains(text(),'yash')] (tried for 25 second(s) with 500 milliseconds interval)
Build info: version: '4.22.0', revision: 'c5f3146703*'
System info: os.name: 'Mac OS X', os.arch: 'aarch64', os.version: '14.5', java.version: '17.0.11'
Driver info: org.openqa.selenium.chrome.ChromeDriver
Capabilities {acceptInsecureCerts: false, browserName: chrome-headless-shell, browserVersion: 126.0.6478.127, chrome: {chromedriverVersion: 126.0.6478.126 (d36ace6122e..., userDataDir: /var/folders/x9/xxt7kvhx1v7...}, fedcm:accounts: true, goog:chromeOptions: {debuggerAddress: localhost:54245}, networkConnectionEnabled: false, pageLoadStrategy: normal, platformName: mac, proxy: Proxy(), se:cdp: ws://localhost:54245/devtoo..., se:cdpVersion: 126.0.6478.127, setWindowRect: true, strictFileInteractability: false, timeouts: {implicit: 0, pageLoad: 300000, script: 30000}, unhandledPromptBehavior: dismiss and notify, webauthn:extension:credBlob: true, webauthn:extension:largeBlob: true, webauthn:extension:minPinLength: true, webauthn:extension:prf: true, webauthn:virtualAuthenticators: true}
Session ID: a41adb4de9b4f29665f7dee003a6fbb6
at org.openqa.selenium.support.ui.WebDriverWait.timeoutException(WebDriverWait.java:84)
at org.openqa.selenium.support.ui.FluentWait.until(FluentWait.java:228)
at followupspagetesting.Followup1on1.create1on1(Followup1on1.java:46)
at java.base/jdk.internal.reflect.NativeMethodAccessorImpl.invoke0(Native Method)
at java.base/jdk.internal.reflect.NativeMethodAccessorImpl.invoke(NativeMethodAccessorImpl.java:77)
at java.base/jdk.internal.reflect.DelegatingMethodAccessorImpl.invoke(DelegatingMethodAccessorImpl.java:43)
at java.base/java.lang.reflect.Method.invoke(Method.java:568)
at org.testng.internal.MethodInvocationHelper.invokeMethod(MethodInvocationHelper.java:133)
at org.testng.internal.TestInvoker.invokeMethod(TestInvoker.java:598)
at org.testng.internal.TestInvoker.retryFailed(TestInvoker.java:213)
at org.testng.internal.MethodRunner.runInSequence(MethodRunner.java:58)
at org.testng.internal.TestInvoker$MethodInvocationAgent.invoke(TestInvoker.java:824)
at org.testng.internal.TestInvoker.invokeTestMethods(TestInvoker.java:146)
at org.testng.internal.TestMethodWorker.invokeTestMethods(TestMethodWorker.java:146)
at org.testng.internal.TestMethodWorker.run(TestMethodWorker.java:128)
at java.base/java.util.ArrayList.forEach(ArrayList.java:1511)
at org.testng.TestRunner.privateRun(TestRunner.java:794)
at org.testng.TestRunner.run(TestRunner.java:596)
at org.testng.SuiteRunner.runTest(SuiteRunner.java:377)
at org.testng.SuiteRunner.access$000(SuiteRunner.java:28)
at org.testng.SuiteRunner$SuiteWorker.run(SuiteRunner.java:418)
at org.testng.internal.thread.ThreadUtil.lambda$execute$0(ThreadUtil.java:64)
at java.base/java.util.concurrent.FutureTask.run(FutureTask.java:264)
at java.base/java.util.concurrent.ThreadPoolExecutor.runWorker(ThreadPoolExecutor.java:1136)
at java.base/java.util.concurrent.ThreadPoolExecutor$Worker.run(ThreadPoolExecutor.java:635)
at java.base/java.lang.Thread.run(Thread.java:840)
]]>
    </error>
  </testcase> <!-- create1on1 -->
  <system-out/>
  <testcase classname="followupspagetesting.Followup1on1" name="userCanDelete1on1Meeting" time="50.181">
    <error message="Expected condition failed: waiting for visibility of element located by By.xpath: //p[@class=&#039;py-[5px] px-3&#039;] (tried for 25 second(s) with 500 milliseconds interval)
Build info: version: &#039;4.22.0&#039;, revision: &#039;c5f3146703*&#039;
System info: os.name: &#039;Mac OS X&#039;, os.arch: &#039;aarch64&#039;, os.version: &#039;14.5&#039;, java.version: &#039;17.0.11&#039;
Driver info: org.openqa.selenium.chrome.ChromeDriver
Capabilities {acceptInsecureCerts: false, browserName: chrome-headless-shell, browserVersion: 126.0.6478.127, chrome: {chromedriverVersion: 126.0.6478.126 (d36ace6122e..., userDataDir: /var/folders/x9/xxt7kvhx1v7...}, fedcm:accounts: true, goog:chromeOptions: {debuggerAddress: localhost:54469}, networkConnectionEnabled: false, pageLoadStrategy: normal, platformName: mac, proxy: Proxy(), se:cdp: ws://localhost:54469/devtoo..., se:cdpVersion: 126.0.6478.127, setWindowRect: true, strictFileInteractability: false, timeouts: {implicit: 0, pageLoad: 300000, script: 30000}, unhandledPromptBehavior: dismiss and notify, webauthn:extension:credBlob: true, webauthn:extension:largeBlob: true, webauthn:extension:minPinLength: true, webauthn:extension:prf: true, webauthn:virtualAuthenticators: true}
Session ID: 7441d36daef06b37854018b4cf8c103f" type="org.openqa.selenium.TimeoutException">
      <![CDATA[org.openqa.selenium.TimeoutException: Expected condition failed: waiting for visibility of element located by By.xpath: //p[@class='py-[5px] px-3'] (tried for 25 second(s) with 500 milliseconds interval)
Build info: version: '4.22.0', revision: 'c5f3146703*'
System info: os.name: 'Mac OS X', os.arch: 'aarch64', os.version: '14.5', java.version: '17.0.11'
Driver info: org.openqa.selenium.chrome.ChromeDriver
Capabilities {acceptInsecureCerts: false, browserName: chrome-headless-shell, browserVersion: 126.0.6478.127, chrome: {chromedriverVersion: 126.0.6478.126 (d36ace6122e..., userDataDir: /var/folders/x9/xxt7kvhx1v7...}, fedcm:accounts: true, goog:chromeOptions: {debuggerAddress: localhost:54469}, networkConnectionEnabled: false, pageLoadStrategy: normal, platformName: mac, proxy: Proxy(), se:cdp: ws://localhost:54469/devtoo..., se:cdpVersion: 126.0.6478.127, setWindowRect: true, strictFileInteractability: false, timeouts: {implicit: 0, pageLoad: 300000, script: 30000}, unhandledPromptBehavior: dismiss and notify, webauthn:extension:credBlob: true, webauthn:extension:largeBlob: true, webauthn:extension:minPinLength: true, webauthn:extension:prf: true, webauthn:virtualAuthenticators: true}
Session ID: 7441d36daef06b37854018b4cf8c103f
at org.openqa.selenium.support.ui.WebDriverWait.timeoutException(WebDriverWait.java:84)
at org.openqa.selenium.support.ui.FluentWait.until(FluentWait.java:228)
at followupspagetesting.Followup1on1.userCanDelete1on1Meeting(Followup1on1.java:172)
at java.base/jdk.internal.reflect.NativeMethodAccessorImpl.invoke0(Native Method)
at java.base/jdk.internal.reflect.NativeMethodAccessorImpl.invoke(NativeMethodAccessorImpl.java:77)
at java.base/jdk.internal.reflect.DelegatingMethodAccessorImpl.invoke(DelegatingMethodAccessorImpl.java:43)
at java.base/java.lang.reflect.Method.invoke(Method.java:568)
at org.testng.internal.MethodInvocationHelper.invokeMethod(MethodInvocationHelper.java:133)
at org.testng.internal.TestInvoker.invokeMethod(TestInvoker.java:598)
at org.testng.internal.TestInvoker.retryFailed(TestInvoker.java:213)
at org.testng.internal.MethodRunner.runInSequence(MethodRunner.java:58)
at org.testng.internal.TestInvoker$MethodInvocationAgent.invoke(TestInvoker.java:824)
at org.testng.internal.TestInvoker.invokeTestMethods(TestInvoker.java:146)
at org.testng.internal.TestMethodWorker.invokeTestMethods(TestMethodWorker.java:146)
at org.testng.internal.TestMethodWorker.run(TestMethodWorker.java:128)
at java.base/java.util.ArrayList.forEach(ArrayList.java:1511)
at org.testng.TestRunner.privateRun(TestRunner.java:794)
at org.testng.TestRunner.run(TestRunner.java:596)
at org.testng.SuiteRunner.runTest(SuiteRunner.java:377)
at org.testng.SuiteRunner.access$000(SuiteRunner.java:28)
at org.testng.SuiteRunner$SuiteWorker.run(SuiteRunner.java:418)
at org.testng.internal.thread.ThreadUtil.lambda$execute$0(ThreadUtil.java:64)
at java.base/java.util.concurrent.FutureTask.run(FutureTask.java:264)
at java.base/java.util.concurrent.ThreadPoolExecutor.runWorker(ThreadPoolExecutor.java:1136)
at java.base/java.util.concurrent.ThreadPoolExecutor$Worker.run(ThreadPoolExecutor.java:635)
at java.base/java.lang.Thread.run(Thread.java:840)
]]>
    </error>
  </testcase> <!-- userCanDelete1on1Meeting -->
  <system-out/>
  <testcase classname="followupspagetesting.Followup1on1" name="create1on1WithoutSpecifyDateandtime" time="49.878">
    <skipped/>
  </testcase> <!-- create1on1WithoutSpecifyDateandtime -->
  <system-out/>
  <testcase classname="followupspagetesting.Followup1on1" name="create1on1WithoutSpecifyDateandtime" time="49.538">
    <skipped/>
  </testcase> <!-- create1on1WithoutSpecifyDateandtime -->
  <system-out/>
  <testcase classname="followupspagetesting.Followup1on1" name="userCanDelete1on1Meeting" time="49.862">
    <skipped/>
  </testcase> <!-- userCanDelete1on1Meeting -->
  <system-out/>
  <testcase classname="followupspagetesting.Followup1on1" name="create1on1" time="48.962">
    <skipped/>
  </testcase> <!-- create1on1 -->
  <system-out/>
  <testcase classname="followupspagetesting.Followup1on1" name="userCanDelete1on1Meeting" time="49.945">
    <skipped/>
  </testcase> <!-- userCanDelete1on1Meeting -->
  <system-out/>
  <testcase classname="followupspagetesting.Followup1on1" name="create1on1WithoutSpecifyDateandtime" time="50.595">
    <error message="Expected condition failed: waiting for visibility of element located by By.xpath: //div[contains(text(),&#039;yash&#039;)] (tried for 25 second(s) with 500 milliseconds interval)
Build info: version: &#039;4.22.0&#039;, revision: &#039;c5f3146703*&#039;
System info: os.name: &#039;Mac OS X&#039;, os.arch: &#039;aarch64&#039;, os.version: &#039;14.5&#039;, java.version: &#039;17.0.11&#039;
Driver info: org.openqa.selenium.chrome.ChromeDriver
Capabilities {acceptInsecureCerts: false, browserName: chrome-headless-shell, browserVersion: 126.0.6478.127, chrome: {chromedriverVersion: 126.0.6478.126 (d36ace6122e..., userDataDir: /var/folders/x9/xxt7kvhx1v7...}, fedcm:accounts: true, goog:chromeOptions: {debuggerAddress: localhost:54376}, networkConnectionEnabled: false, pageLoadStrategy: normal, platformName: mac, proxy: Proxy(), se:cdp: ws://localhost:54376/devtoo..., se:cdpVersion: 126.0.6478.127, setWindowRect: true, strictFileInteractability: false, timeouts: {implicit: 0, pageLoad: 300000, script: 30000}, unhandledPromptBehavior: dismiss and notify, webauthn:extension:credBlob: true, webauthn:extension:largeBlob: true, webauthn:extension:minPinLength: true, webauthn:extension:prf: true, webauthn:virtualAuthenticators: true}
Session ID: f013f89c88135fdfb3fc49c9c4005420" type="org.openqa.selenium.TimeoutException">
      <![CDATA[org.openqa.selenium.TimeoutException: Expected condition failed: waiting for visibility of element located by By.xpath: //div[contains(text(),'yash')] (tried for 25 second(s) with 500 milliseconds interval)
Build info: version: '4.22.0', revision: 'c5f3146703*'
System info: os.name: 'Mac OS X', os.arch: 'aarch64', os.version: '14.5', java.version: '17.0.11'
Driver info: org.openqa.selenium.chrome.ChromeDriver
Capabilities {acceptInsecureCerts: false, browserName: chrome-headless-shell, browserVersion: 126.0.6478.127, chrome: {chromedriverVersion: 126.0.6478.126 (d36ace6122e..., userDataDir: /var/folders/x9/xxt7kvhx1v7...}, fedcm:accounts: true, goog:chromeOptions: {debuggerAddress: localhost:54376}, networkConnectionEnabled: false, pageLoadStrategy: normal, platformName: mac, proxy: Proxy(), se:cdp: ws://localhost:54376/devtoo..., se:cdpVersion: 126.0.6478.127, setWindowRect: true, strictFileInteractability: false, timeouts: {implicit: 0, pageLoad: 300000, script: 30000}, unhandledPromptBehavior: dismiss and notify, webauthn:extension:credBlob: true, webauthn:extension:largeBlob: true, webauthn:extension:minPinLength: true, webauthn:extension:prf: true, webauthn:virtualAuthenticators: true}
Session ID: f013f89c88135fdfb3fc49c9c4005420
at org.openqa.selenium.support.ui.WebDriverWait.timeoutException(WebDriverWait.java:84)
at org.openqa.selenium.support.ui.FluentWait.until(FluentWait.java:228)
at followupspagetesting.Followup1on1.create1on1WithoutSpecifyDateandtime(Followup1on1.java:212)
at java.base/jdk.internal.reflect.NativeMethodAccessorImpl.invoke0(Native Method)
at java.base/jdk.internal.reflect.NativeMethodAccessorImpl.invoke(NativeMethodAccessorImpl.java:77)
at java.base/jdk.internal.reflect.DelegatingMethodAccessorImpl.invoke(DelegatingMethodAccessorImpl.java:43)
at java.base/java.lang.reflect.Method.invoke(Method.java:568)
at org.testng.internal.MethodInvocationHelper.invokeMethod(MethodInvocationHelper.java:133)
at org.testng.internal.TestInvoker.invokeMethod(TestInvoker.java:598)
at org.testng.internal.TestInvoker.retryFailed(TestInvoker.java:213)
at org.testng.internal.MethodRunner.runInSequence(MethodRunner.java:58)
at org.testng.internal.TestInvoker$MethodInvocationAgent.invoke(TestInvoker.java:824)
at org.testng.internal.TestInvoker.invokeTestMethods(TestInvoker.java:146)
at org.testng.internal.TestMethodWorker.invokeTestMethods(TestMethodWorker.java:146)
at org.testng.internal.TestMethodWorker.run(TestMethodWorker.java:128)
at java.base/java.util.ArrayList.forEach(ArrayList.java:1511)
at org.testng.TestRunner.privateRun(TestRunner.java:794)
at org.testng.TestRunner.run(TestRunner.java:596)
at org.testng.SuiteRunner.runTest(SuiteRunner.java:377)
at org.testng.SuiteRunner.access$000(SuiteRunner.java:28)
at org.testng.SuiteRunner$SuiteWorker.run(SuiteRunner.java:418)
at org.testng.internal.thread.ThreadUtil.lambda$execute$0(ThreadUtil.java:64)
at java.base/java.util.concurrent.FutureTask.run(FutureTask.java:264)
at java.base/java.util.concurrent.ThreadPoolExecutor.runWorker(ThreadPoolExecutor.java:1136)
at java.base/java.util.concurrent.ThreadPoolExecutor$Worker.run(ThreadPoolExecutor.java:635)
at java.base/java.lang.Thread.run(Thread.java:840)
]]>
    </error>
  </testcase> <!-- create1on1WithoutSpecifyDateandtime -->
  <system-out/>
  <testcase classname="followupspagetesting.Followup1on1" name="create1on1" time="61.493">
    <skipped/>
  </testcase> <!-- create1on1 -->
  <system-out/>
</testsuite> <!-- followupspagetesting.Followup1on1 -->
