<?xml version="1.0" encoding="UTF-8"?>
<!-- Generated by org.testng.reporters.JUnitReportReporter -->
<testsuite hostname="DESKTOP-QU91SGO" failures="0" tests="2" name="followupspagetesting.Followuppage" time="178.044" errors="0" timestamp="2024-05-30T16:57:07 IST" skipped="0">
  <testcase classname="followupspagetesting.Followuppage" name="meetingWithoutSpecifyDateAndTime" time="91.214"/>
  <system-out/>
  <testcase classname="followupspagetesting.Followuppage" name="followuppage" time="86.830"/>
  <system-out/>
</testsuite> <!-- followupspagetesting.Followuppage -->
