<?xml version="1.0" encoding="UTF-8"?>
<!-- Generated by org.testng.reporters.JUnitReportReporter -->
<testsuite hostname="yeshs-Mac-mini.local" failures="0" tests="4" name="applaudpagetesting.Applaud" time="99.443" errors="0" timestamp="2024-06-26T11:30:59 IST" skipped="0">
  <testcase classname="applaudpagetesting.Applaud" name="useMonthFilter" time="24.517"/>
  <system-out/>
  <testcase classname="applaudpagetesting.Applaud" name="seeReceivedApplauds" time="24.889"/>
  <system-out/>
  <testcase classname="applaudpagetesting.Applaud" name="sendApplaud" time="25.730"/>
  <system-out/>
  <testcase classname="applaudpagetesting.Applaud" name="seeSentApplauds" time="24.307"/>
  <system-out/>
</testsuite> <!-- applaudpagetesting.Applaud -->
