<?xml version="1.0" encoding="UTF-8"?>
<!-- Generated by org.testng.reporters.JUnitReportReporter -->
<testsuite hostname="yeshs-Mac-mini.local" failures="0" tests="6" name="signuppagetesting.Signuppagetesting" time="45.200" errors="0" timestamp="2024-06-26T16:38:03 IST" skipped="0">
  <testcase classname="signuppagetesting.Signuppagetesting" name="invalidemailformat" time="8.202"/>
  <system-out/>
  <testcase classname="signuppagetesting.Signuppagetesting" name="passwordconfirmation" time="6.908"/>
  <system-out/>
  <testcase classname="signuppagetesting.Signuppagetesting" name="emptyfields" time="8.386"/>
  <system-out/>
  <testcase classname="signuppagetesting.Signuppagetesting" name="successfulregistration" time="5.500"/>
  <system-out/>
  <testcase classname="signuppagetesting.Signuppagetesting" name="existingemailaddress" time="7.959"/>
  <system-out/>
  <testcase classname="signuppagetesting.Signuppagetesting" name="passwordstrength" time="8.245"/>
  <system-out/>
</testsuite> <!-- signuppagetesting.Signuppagetesting -->
