<?xml version="1.0" encoding="UTF-8"?>
<!-- Generated by org.testng.reporters.JUnitReportReporter -->
<testsuite hostname="yeshs-Mac-mini.local" failures="0" tests="7" name="loginpagetesting.Testingofloginpage" time="136.905" errors="0" timestamp="2024-07-11T16:27:52 IST" skipped="0">
  <testcase classname="loginpagetesting.Testingofloginpage" name="validcredendetials" time="11.475"/>
  <system-out/>
  <testcase classname="loginpagetesting.Testingofloginpage" name="userlogout" time="46.896"/>
  <system-out/>
  <testcase classname="loginpagetesting.Testingofloginpage" name="emptypasswordfield" time="10.325"/>
  <system-out/>
  <testcase classname="loginpagetesting.Testingofloginpage" name="invalidcredentials2" time="16.485"/>
  <system-out/>
  <testcase classname="loginpagetesting.Testingofloginpage" name="emptyusernamefield" time="15.153"/>
  <system-out/>
  <testcase classname="loginpagetesting.Testingofloginpage" name="invalidcredentials1" time="6.840"/>
  <system-out/>
  <testcase classname="loginpagetesting.Testingofloginpage" name="passwordresetlink" time="29.731"/>
  <system-out/>
</testsuite> <!-- loginpagetesting.Testingofloginpage -->
