<?xml version="1.0" encoding="UTF-8"?>
<!-- Generated by org.testng.reporters.JUnitReportReporter -->
<testsuite hostname="yeshs-Mac-mini.local" failures="0" tests="1" name="Deskchime2.deskchime2.managementproject.AppTest" time="0.002" errors="0" timestamp="2024-07-11T12:55:17 IST" skipped="0">
  <testcase classname="Deskchime2.deskchime2.managementproject.AppTest" name="shouldAnswerWithTrue" time="0.002"/>
  <system-out/>
</testsuite> <!-- Deskchime2.deskchime2.managementproject.AppTest -->
