<?xml version="1.0" encoding="UTF-8"?>
<!-- Generated by org.testng.reporters.JUnitReportReporter -->
<testsuite hostname="DESKTOP-QU91SGO" failures="0" tests="5" name="signuppagetesting.Signuppagetesting" time="86.815" errors="0" timestamp="2024-05-07T11:31:00 IST" skipped="0">
  <testcase classname="signuppagetesting.Signuppagetesting" name="passwordstrength" time="16.065"/>
  <system-out/>
  <testcase classname="signuppagetesting.Signuppagetesting" name="successfulregistration" time="9.788"/>
  <system-out/>
  <testcase classname="signuppagetesting.Signuppagetesting" name="emptyfields" time="32.036"/>
  <system-out/>
  <testcase classname="signuppagetesting.Signuppagetesting" name="existingemailaddress" time="13.052"/>
  <system-out/>
  <testcase classname="signuppagetesting.Signuppagetesting" name="invalidemailformat" time="15.874"/>
  <system-out/>
</testsuite> <!-- signuppagetesting.Signuppagetesting -->
