<?xml version="1.0" encoding="UTF-8"?>
<!-- Generated by org.testng.reporters.JUnitReportReporter -->
<testsuite hostname="yeshs-Mac-mini.local" failures="0" tests="4" name="applaudpagetesting.Applaud" time="132.755" errors="0" timestamp="2024-07-04T16:02:49 IST" skipped="0">
  <testcase classname="applaudpagetesting.Applaud" name="seeSentApplauds" time="23.642"/>
  <system-out/>
  <testcase classname="applaudpagetesting.Applaud" name="sendApplaud" time="30.272"/>
  <system-out/>
  <testcase classname="applaudpagetesting.Applaud" name="useMonthFilter" time="25.393"/>
  <system-out/>
  <testcase classname="applaudpagetesting.Applaud" name="seeReceivedApplauds" time="53.448"/>
  <system-out/>
</testsuite> <!-- applaudpagetesting.Applaud -->
