<?xml version="1.0" encoding="UTF-8"?>
<!-- Generated by org.testng.reporters.JUnitReportReporter -->
<testsuite hostname="DESKTOP-QU91SGO" failures="0" tests="4" name="applaudpagetesting.Applaud" time="286.687" errors="0" timestamp="2024-06-04T14:47:28 IST" skipped="0">
  <testcase classname="applaudpagetesting.Applaud" name="sendApplaud" time="73.215"/>
  <system-out/>
  <testcase classname="applaudpagetesting.Applaud" name="seeSentApplauds" time="73.554"/>
  <system-out/>
  <testcase classname="applaudpagetesting.Applaud" name="seeReceivedApplauds" time="54.616"/>
  <system-out/>
  <testcase classname="applaudpagetesting.Applaud" name="useMonthFilter" time="85.302"/>
  <system-out/>
</testsuite> <!-- applaudpagetesting.Applaud -->
