<?xml version="1.0" encoding="UTF-8"?>
<!-- Generated by org.testng.reporters.JUnitReportReporter -->
<<<<<<< HEAD
<testsuite hostname="DESKTOP-QU91SGO" failures="0" tests="1" name="applaudpagetesting.Applaud" time="75.585" errors="0" timestamp="2024-05-28T14:26:31 IST" skipped="0">
  <testcase classname="applaudpagetesting.Applaud" name="sendApplaud" time="75.585"/>
=======
<testsuite hostname="DESKTOP-QU91SGO" failures="0" tests="4" name="applaudpagetesting.Applaud" time="165.608" errors="0" timestamp="2024-05-15T12:46:59 IST" skipped="0">
  <testcase classname="applaudpagetesting.Applaud" name="seeReceivedApplauds" time="27.927"/>
  <system-out/>
  <testcase classname="applaudpagetesting.Applaud" name="sendApplaud" time="51.285"/>
  <system-out/>
  <testcase classname="applaudpagetesting.Applaud" name="useMonthFilter" time="40.599"/>
  <system-out/>
  <testcase classname="applaudpagetesting.Applaud" name="seeSentApplauds" time="45.797"/>
>>>>>>> e5d21e30503e221b73adac729abd347fd9d185f5
  <system-out/>
</testsuite> <!-- applaudpagetesting.Applaud -->
