<?xml version="1.0" encoding="UTF-8"?>
<!-- Generated by org.testng.reporters.JUnitReportReporter -->
<testsuite hostname="DESKTOP-QU91SGO" failures="0" tests="5" name="signuppagetesting.Signuppagetesting" time="66.357" errors="0" timestamp="2024-05-02T12:49:44 IST" skipped="0">
  <testcase classname="signuppagetesting.Signuppagetesting" name="existingemailaddress" time="12.448"/>
  <system-out/>
  <testcase classname="signuppagetesting.Signuppagetesting" name="successfulregistration" time="11.239"/>
  <system-out/>
  <testcase classname="signuppagetesting.Signuppagetesting" name="passwordstrength" time="11.926"/>
  <system-out/>
  <testcase classname="signuppagetesting.Signuppagetesting" name="invalidemailformat" time="14.817"/>
  <system-out/>
  <testcase classname="signuppagetesting.Signuppagetesting" name="emptyfields" time="15.927"/>
  <system-out/>
</testsuite> <!-- signuppagetesting.Signuppagetesting -->
