<?xml version="1.0" encoding="UTF-8"?>
<!-- Generated by org.testng.reporters.JUnitReportReporter -->
<testsuite hostname="yeshs-Mac-mini.local" failures="0" tests="6" name="signuppagetesting.Signuppagetesting" time="47.989" errors="0" timestamp="2024-07-04T16:02:49 IST" skipped="0">
  <testcase classname="signuppagetesting.Signuppagetesting" name="emptyfields" time="8.511"/>
  <system-out/>
  <testcase classname="signuppagetesting.Signuppagetesting" name="passwordconfirmation" time="8.428"/>
  <system-out/>
  <testcase classname="signuppagetesting.Signuppagetesting" name="passwordstrength" time="7.894"/>
  <system-out/>
  <testcase classname="signuppagetesting.Signuppagetesting" name="existingemailaddress" time="8.410"/>
  <system-out/>
  <testcase classname="signuppagetesting.Signuppagetesting" name="successfulregistration" time="6.222"/>
  <system-out/>
  <testcase classname="signuppagetesting.Signuppagetesting" name="invalidemailformat" time="8.524"/>
  <system-out/>
</testsuite> <!-- signuppagetesting.Signuppagetesting -->
