<?xml version="1.0" encoding="UTF-8"?>
<!-- Generated by org.testng.reporters.JUnitReportReporter -->
<testsuite hostname="DESKTOP-QU91SGO" failures="0" tests="2" name="followupspagetesting.Followuppage" time="98.971" errors="0" timestamp="2024-06-04T11:13:41 IST" skipped="0">
  <testcase classname="followupspagetesting.Followuppage" name="meetingWithoutSpecifyDateAndTime" time="46.517"/>
  <system-out/>
  <testcase classname="followupspagetesting.Followuppage" name="followuppage" time="52.454"/>
  <system-out/>
</testsuite> <!-- followupspagetesting.Followuppage -->
