<?xml version="1.0" encoding="UTF-8"?>
<!-- Generated by org.testng.reporters.JUnitReportReporter -->
<testsuite hostname="DESKTOP-QU91SGO" failures="0" tests="1" name="settingpagetesting.Settingpage" time="93.573" errors="0" timestamp="2024-06-03T16:53:22 IST" skipped="0">
  <testcase classname="settingpagetesting.Settingpage" name="userCreatedAndDeletedSuccessfully" time="93.573"/>
  <system-out/>
</testsuite> <!-- settingpagetesting.Settingpage -->
