<?xml version="1.0" encoding="UTF-8"?>
<!-- Generated by org.testng.reporters.JUnitReportReporter -->
<testsuite hostname="yeshs-Mac-mini.local" failures="0" tests="1" name="feedbackspagetesting.TestingOfFeedbackPage" time="10.303" errors="0" timestamp="2024-11-14T16:17:28 IST" skipped="0">
  <testcase classname="feedbackspagetesting.TestingOfFeedbackPage" name="templateCreation" time="10.303"/>
  <system-out/>
</testsuite> <!-- feedbackspagetesting.TestingOfFeedbackPage -->
