<?xml version="1.0" encoding="UTF-8"?>
<!-- Generated by org.testng.reporters.JUnitReportReporter -->
<testsuite hostname="DESKTOP-QU91SGO" failures="0" tests="4" name="applaudpagetesting.Applaud" time="148.780" errors="0" timestamp="2024-05-31T17:29:50 IST" skipped="0">
  <testcase classname="applaudpagetesting.Applaud" name="useMonthFilter" time="40.938"/>
  <system-out/>
  <testcase classname="applaudpagetesting.Applaud" name="seeReceivedApplauds" time="33.908"/>
  <system-out/>
  <testcase classname="applaudpagetesting.Applaud" name="seeSentApplauds" time="31.582"/>
  <system-out/>
  <testcase classname="applaudpagetesting.Applaud" name="sendApplaud" time="42.352"/>
  <system-out/>
</testsuite> <!-- applaudpagetesting.Applaud -->
