<?xml version="1.0" encoding="UTF-8"?>
<!-- Generated by org.testng.reporters.JUnitReportReporter -->
<testsuite hostname="yeshs-Mac-mini.local" failures="0" tests="2" name="followupspagetesting.Followup1on1" time="33.410" errors="0" timestamp="2024-10-19T10:36:01 IST" skipped="0">
  <testcase classname="followupspagetesting.Followup1on1" name="create1on1WithoutSpecifyDateandtime" time="15.116"/>
  <system-out/>
  <testcase classname="followupspagetesting.Followup1on1" name="create1on1" time="18.294"/>
  <system-out/>
</testsuite> <!-- followupspagetesting.Followup1on1 -->
