<?xml version="1.0" encoding="UTF-8"?>
<!-- Generated by org.testng.reporters.JUnitReportReporter -->
<testsuite hostname="DESKTOP-QU91SGO" failures="0" tests="6" name="signuppagetesting.Signuppagetesting" time="183.873" errors="0" timestamp="2024-05-30T11:31:37 IST" skipped="0">
  <testcase classname="signuppagetesting.Signuppagetesting" name="passwordconfirmation" time="14.070"/>
  <system-out/>
  <testcase classname="signuppagetesting.Signuppagetesting" name="passwordstrength" time="40.271"/>
  <system-out/>
  <testcase classname="signuppagetesting.Signuppagetesting" name="emptyfields" time="31.172"/>
  <system-out/>
  <testcase classname="signuppagetesting.Signuppagetesting" name="invalidemailformat" time="35.515"/>
  <system-out/>
  <testcase classname="signuppagetesting.Signuppagetesting" name="existingemailaddress" time="21.179"/>
  <system-out/>
  <testcase classname="signuppagetesting.Signuppagetesting" name="successfulregistration" time="41.666"/>
  <system-out/>
</testsuite> <!-- signuppagetesting.Signuppagetesting -->
