<?xml version="1.0" encoding="UTF-8"?>
<!-- Generated by org.testng.reporters.JUnitReportReporter -->
<testsuite hostname="DESKTOP-QU91SGO" failures="0" tests="2" name="followupspagetesting.Followuppage" time="77.651" errors="0" timestamp="2024-05-15T12:19:24 IST" skipped="0">
  <testcase classname="followupspagetesting.Followuppage" name="meetingWithoutSpecifyDateAndTime" time="46.488"/>
  <system-out/>
  <testcase classname="followupspagetesting.Followuppage" name="followuppage" time="31.163"/>
  <system-out/>
</testsuite> <!-- followupspagetesting.Followuppage -->
