<?xml version="1.0" encoding="UTF-8"?>
<!-- Generated by org.testng.reporters.JUnitReportReporter -->
<testsuite hostname="yeshs-Mac-mini.local" failures="0" tests="6" name="signuppagetesting.Signuppagetesting" time="104.022" errors="0" timestamp="2024-07-11T16:27:52 IST" skipped="0">
  <testcase classname="signuppagetesting.Signuppagetesting" name="existingemailaddress" time="11.685"/>
  <system-out/>
  <testcase classname="signuppagetesting.Signuppagetesting" name="passwordstrength" time="19.180"/>
  <system-out/>
  <testcase classname="signuppagetesting.Signuppagetesting" name="invalidemailformat" time="26.681"/>
  <system-out/>
  <testcase classname="signuppagetesting.Signuppagetesting" name="passwordconfirmation" time="9.625"/>
  <system-out/>
  <testcase classname="signuppagetesting.Signuppagetesting" name="emptyfields" time="14.388"/>
  <system-out/>
  <testcase classname="signuppagetesting.Signuppagetesting" name="successfulregistration" time="22.463"/>
  <system-out/>
</testsuite> <!-- signuppagetesting.Signuppagetesting -->
