<?xml version="1.0" encoding="UTF-8"?>
<!-- Generated by org.testng.reporters.JUnitReportReporter -->
<testsuite hostname="DESKTOP-QU91SGO" failures="0" tests="1" name="loginpagetesting.Testingofloginpage" time="13.481" errors="0" timestamp="2024-06-04T12:57:37 IST" skipped="0">
  <testcase classname="loginpagetesting.Testingofloginpage" name="validcredendetials" time="13.481"/>
  <system-out/>
</testsuite> <!-- loginpagetesting.Testingofloginpage -->
