<?xml version="1.0" encoding="UTF-8"?>
<!-- Generated by org.testng.reporters.JUnitReportReporter -->
<testsuite hostname="DESKTOP-QU91SGO" failures="0" tests="1" name="applaudpagetesting.Applaud" time="33.170" errors="0" timestamp="2024-05-04T14:26:00 IST" skipped="0">
  <testcase classname="applaudpagetesting.Applaud" name="applaud" time="33.170"/>
  <system-out/>
</testsuite> <!-- applaudpagetesting.Applaud -->
