<?xml version="1.0" encoding="UTF-8"?>
<!-- Generated by org.testng.reporters.JUnitReportReporter -->
<testsuite hostname="DESKTOP-QU91SGO" failures="0" tests="1" name="applaudpagetesting.Applaud" time="75.585" errors="0" timestamp="2024-05-28T14:26:31 IST" skipped="0">
  <testcase classname="applaudpagetesting.Applaud" name="sendApplaud" time="75.585"/>
  <system-out/>
</testsuite> <!-- applaudpagetesting.Applaud -->
