<?xml version="1.0" encoding="UTF-8"?>
<!-- Generated by org.testng.reporters.JUnitReportReporter -->
<testsuite hostname="yeshs-Mac-mini.local" failures="0" tests="7" name="loginpagetesting.Testingofloginpage" time="57.795" errors="0" timestamp="2024-07-04T16:02:49 IST" skipped="0">
  <testcase classname="loginpagetesting.Testingofloginpage" name="passwordresetlink" time="9.459"/>
  <system-out/>
  <testcase classname="loginpagetesting.Testingofloginpage" name="userlogout" time="23.349"/>
  <system-out/>
  <testcase classname="loginpagetesting.Testingofloginpage" name="emptyusernamefield" time="4.610"/>
  <system-out/>
  <testcase classname="loginpagetesting.Testingofloginpage" name="invalidcredentials2" time="6.526"/>
  <system-out/>
  <testcase classname="loginpagetesting.Testingofloginpage" name="emptypasswordfield" time="5.973"/>
  <system-out/>
  <testcase classname="loginpagetesting.Testingofloginpage" name="invalidcredentials1" time="4.799"/>
  <system-out/>
  <testcase classname="loginpagetesting.Testingofloginpage" name="validcredendetials" time="3.079"/>
  <system-out/>
</testsuite> <!-- loginpagetesting.Testingofloginpage -->
