<?xml version="1.0" encoding="UTF-8"?>
<!-- Generated by org.testng.reporters.JUnitReportReporter -->
<testsuite hostname="DESKTOP-QU91SGO" failures="0" tests="1" name="settingpagetesting.Settingpage" time="38.946" errors="0" timestamp="2024-05-15T16:37:00 IST" skipped="0">
  <testcase classname="settingpagetesting.Settingpage" name="testingOfSettingPage" time="38.946"/>
  <system-out/>
</testsuite> <!-- settingpagetesting.Settingpage -->
