<?xml version="1.0" encoding="UTF-8"?>
<!-- Generated by org.testng.reporters.JUnitReportReporter -->
<testsuite hostname="yeshs-Mac-mini.local" failures="0" tests="3" name="followupspagetesting.Followup1on1" time="156.122" errors="0" timestamp="2024-07-11T16:27:52 IST" skipped="0">
  <testcase classname="followupspagetesting.Followup1on1" name="create1on1WithoutSpecifyDateandtime" time="64.314"/>
  <system-out/>
  <testcase classname="followupspagetesting.Followup1on1" name="userCanDelete1on1Meeting" time="36.245"/>
  <system-out/>
  <testcase classname="followupspagetesting.Followup1on1" name="create1on1" time="55.563"/>
  <system-out/>
</testsuite> <!-- followupspagetesting.Followup1on1 -->
