<?xml version="1.0" encoding="UTF-8"?>
<!-- Generated by org.testng.reporters.JUnitReportReporter -->
<testsuite hostname="yeshs-Mac-mini.local" failures="0" tests="4" name="applaudpagetesting.Applaud" time="64.241" errors="0" timestamp="2024-10-10T11:20:29 IST" skipped="0">
  <testcase classname="applaudpagetesting.Applaud" name="sendApplaud" time="11.412"/>
  <testcase classname="applaudpagetesting.Applaud" name="seeSentApplauds" time="20.062"/>
  <testcase classname="applaudpagetesting.Applaud" name="useMonthFilter" time="11.045"/>
  <testcase classname="applaudpagetesting.Applaud" name="seeReceivedApplauds" time="21.722"/>
</testsuite> <!-- applaudpagetesting.Applaud -->
